{"/Users/phillipstanley/Documents/projects/UKHSA/winter-pressures/infra/winter-pressures-infra/src/lambda-producer-handler/index.js":{"path":"/Users/phillipstanley/Documents/projects/UKHSA/winter-pressures/infra/winter-pressures-infra/src/lambda-producer-handler/index.js","statementMap":{"0":{"start":{"line":1,"column":37},"end":{"line":1,"column":66}},"1":{"start":{"line":2,"column":42},"end":{"line":2,"column":76}},"2":{"start":{"line":3,"column":13},"end":{"line":3,"column":28}},"3":{"start":{"line":13,"column":19},"end":{"line":13,"column":38}},"4":{"start":{"line":14,"column":19},"end":{"line":14,"column":37}},"5":{"start":{"line":15,"column":14},"end":{"line":15,"column":31}},"6":{"start":{"line":19,"column":4},"end":{"line":19,"column":34}},"7":{"start":{"line":21,"column":4},"end":{"line":21,"column":25}},"8":{"start":{"line":33,"column":20},"end":{"line":36,"column":6}},"9":{"start":{"line":37,"column":21},"end":{"line":37,"column":49}},"10":{"start":{"line":39,"column":25},"end":{"line":39,"column":64}},"11":{"start":{"line":40,"column":4},"end":{"line":40,"column":36}},"12":{"start":{"line":52,"column":4},"end":{"line":54,"column":7}},"13":{"start":{"line":66,"column":20},"end":{"line":70,"column":6}},"14":{"start":{"line":71,"column":4},"end":{"line":71,"column":38}},"15":{"start":{"line":84,"column":32},"end":{"line":89,"column":5}},"16":{"start":{"line":90,"column":25},"end":{"line":90,"column":75}},"17":{"start":{"line":92,"column":26},"end":{"line":92,"column":71}},"18":{"start":{"line":93,"column":25},"end":{"line":93,"column":75}},"19":{"start":{"line":95,"column":20},"end":{"line":95,"column":68}},"20":{"start":{"line":97,"column":4},"end":{"line":97,"column":50}},"21":{"start":{"line":99,"column":23},"end":{"line":99,"column":65}},"22":{"start":{"line":100,"column":4},"end":{"line":100,"column":28}},"23":{"start":{"line":103,"column":0},"end":{"line":109,"column":1}}},"fnMap":{"0":{"name":"extractBucketAndObjectKey","decl":{"start":{"line":12,"column":9},"end":{"line":12,"column":34}},"loc":{"start":{"line":12,"column":42},"end":{"line":22,"column":1}},"line":12},"1":{"name":"downloadFileFromS3","decl":{"start":{"line":32,"column":15},"end":{"line":32,"column":33}},"loc":{"start":{"line":32,"column":74},"end":{"line":41,"column":1}},"line":32},"2":{"name":"constructPayload","decl":{"start":{"line":51,"column":9},"end":{"line":51,"column":25}},"loc":{"start":{"line":51,"column":45},"end":{"line":55,"column":1}},"line":51},"3":{"name":"writeDataToKinesis","decl":{"start":{"line":65,"column":15},"end":{"line":65,"column":33}},"loc":{"start":{"line":65,"column":80},"end":{"line":72,"column":1}},"line":65},"4":{"name":"handler","decl":{"start":{"line":83,"column":15},"end":{"line":83,"column":22}},"loc":{"start":{"line":83,"column":67},"end":{"line":101,"column":1}},"line":83}},"branchMap":{"0":{"loc":{"start":{"line":32,"column":47},"end":{"line":32,"column":72}},"type":"default-arg","locations":[{"start":{"line":32,"column":58},"end":{"line":32,"column":72}}],"line":32},"1":{"loc":{"start":{"line":65,"column":43},"end":{"line":65,"column":78}},"type":"default-arg","locations":[{"start":{"line":65,"column":59},"end":{"line":65,"column":78}}],"line":65},"2":{"loc":{"start":{"line":83,"column":39},"end":{"line":83,"column":65}},"type":"default-arg","locations":[{"start":{"line":83,"column":63},"end":{"line":83,"column":65}}],"line":83}},"s":{"0":1,"1":1,"2":1,"3":2,"4":2,"5":2,"6":2,"7":2,"8":2,"9":2,"10":2,"11":2,"12":1,"13":1,"14":1,"15":2,"16":2,"17":2,"18":2,"19":2,"20":2,"21":2,"22":2,"23":1},"f":{"0":2,"1":2,"2":1,"3":1,"4":2},"b":{"0":[0],"1":[0],"2":[0]},"_coverageSchema":"1a1c01bbd47fc00a2c39e90264f33305004495a9","hash":"82c02429faa339c0fee47d2dee776517d585a2d5"},"/Users/phillipstanley/Documents/projects/UKHSA/winter-pressures/infra/winter-pressures-infra/src/public-api-cloud-front-viewer-request/index.js":{"path":"/Users/phillipstanley/Documents/projects/UKHSA/winter-pressures/infra/winter-pressures-infra/src/public-api-cloud-front-viewer-request/index.js","statementMap":{"0":{"start":{"line":2,"column":18},"end":{"line":2,"column":31}},"1":{"start":{"line":4,"column":23},"end":{"line":6,"column":8}},"2":{"start":{"line":8,"column":33},"end":{"line":8,"column":68}},"3":{"start":{"line":10,"column":18},"end":{"line":10,"column":128}},"4":{"start":{"line":11,"column":2},"end":{"line":11,"column":23}},"5":{"start":{"line":13,"column":2},"end":{"line":13,"column":64}},"6":{"start":{"line":15,"column":2},"end":{"line":15,"column":17}},"7":{"start":{"line":19,"column":2},"end":{"line":21,"column":3}},"8":{"start":{"line":20,"column":4},"end":{"line":20,"column":23}},"9":{"start":{"line":23,"column":2},"end":{"line":25,"column":3}},"10":{"start":{"line":24,"column":4},"end":{"line":24,"column":30}},"11":{"start":{"line":27,"column":2},"end":{"line":27,"column":12}},"12":{"start":{"line":30,"column":0},"end":{"line":30,"column":8}}},"fnMap":{"0":{"name":"handler","decl":{"start":{"line":1,"column":9},"end":{"line":1,"column":16}},"loc":{"start":{"line":1,"column":24},"end":{"line":16,"column":1}},"line":1},"1":{"name":"normalizeAcceptHeader","decl":{"start":{"line":18,"column":9},"end":{"line":18,"column":30}},"loc":{"start":{"line":18,"column":45},"end":{"line":28,"column":1}},"line":18}},"branchMap":{"0":{"loc":{"start":{"line":4,"column":23},"end":{"line":6,"column":8}},"type":"cond-expr","locations":[{"start":{"line":5,"column":6},"end":{"line":5,"column":34}},{"start":{"line":6,"column":6},"end":{"line":6,"column":8}}],"line":4},"1":{"loc":{"start":{"line":19,"column":2},"end":{"line":21,"column":3}},"type":"if","locations":[{"start":{"line":19,"column":2},"end":{"line":21,"column":3}},{"start":{},"end":{}}],"line":19},"2":{"loc":{"start":{"line":23,"column":2},"end":{"line":25,"column":3}},"type":"if","locations":[{"start":{"line":23,"column":2},"end":{"line":25,"column":3}},{"start":{},"end":{}}],"line":23},"3":{"loc":{"start":{"line":23,"column":6},"end":{"line":23,"column":57}},"type":"binary-expr","locations":[{"start":{"line":23,"column":6},"end":{"line":23,"column":35}},{"start":{"line":23,"column":39},"end":{"line":23,"column":57}}],"line":23}},"s":{"0":10,"1":10,"2":10,"3":10,"4":10,"5":10,"6":10,"7":10,"8":3,"9":7,"10":4,"11":3,"12":1},"f":{"0":10,"1":10},"b":{"0":[9,1],"1":[3,7],"2":[4,3],"3":[7,5]},"_coverageSchema":"1a1c01bbd47fc00a2c39e90264f33305004495a9","hash":"7854bd535acc1353f23835ceac66ee15c0aaace8"}}